9
10
10
4
30
2
1
0.0
0
20
10
10
0.25
0.5
88
6
0
0.0
0
2
0
3
0
2
0
2
0
1
0
3
7
0
0.0
0
3
0
3
0
1
0
2
0
1
0
3
9
0
0.0
0
2
0
4
0
1
0
2
0
1
0
3
10
0
0.0
0
2
0
3
0
2
0
2
0
2
0
3
19
0
0.0
0
2
0
4
0
1
0
3
0
1
0
3
20
0
0.0
0
2
0
3
0
1
0
3
0
2
0
3
31
0
0.0
0
2
0
3
0
1
0
2
0
1
0
3
32
0
0.0
0
2
0
5
0
2
0
3
0
1
0
3
34
0
0.0
0
2
0
4
0
1
0
3
0
1
0
3
36
0
0.0
0
3
0
3
0
1
0
1
0
1
0
2
38
0
0.0
0
2
0
3
0
1
0
3
0
2
0
3
40
1
0.0
0
2
0
5
0
2
0
2
0
1
0
3
41
1
0.0
0
2
0
3
0
1
0
2
0
2
0
3
42
1
0.0
0
2
0
3
0
2
0
3
0
2
0
3
45
1
0.0
0
2
0
3
0
1
0
2
0
1
0
3
47
1
0.0
0
2
0
3
0
2
0
2
0
1
0
3
48
1
0.0
0
3
0
3
0
0
0
2
0
2
0
3
49
1
0.0
0
4
0
3
0
1
0
2
0
2
0
3
50
1
0.0
0
2
0
4
0
2
0
2
0
1
0
3
51
1
0.0
0
2
0
5
0
2
0
3
0
1
0
3
220
1
2.0
0
1
0
4
0
1
0
2
0
1
0
3
221
1
0.0
0
3
0
3
0
1
0
2
0
1
0
3
222
2
1.0
0
2
0
4
0
0
0
2
0
1
0
3
223
1
0.0
0
2
0
3
0
1
0
2
0
1
0
3
224
1
0.0
0
3
0
3
0
1
0
1
0
1
0
2
225
2
0.0
0
3
0
3
0
0
0
2
0
2
0
3
226
2
0.0
0
3
0
3
0
2
0
3
0
1
0
3
227
1
0.0
0
2
0
3
0
0
0
3
0
2
0
3
228
2
0.0
0
2
0
4
0
2
0
2
0
1
0
3
229
1
1.0
0
2
0
4
0
1
0
1
0
1
0
3
230
1
0.0
0
2
0
5
0
1
0
3
0
2
0
3
231
1
0.0
0
2
0
3
0
2
0
2
0
1
0
3
232
2
0.0
0
2
0
5
0
1
0
2
0
1
0
3
233
2
0.0
0
3
0
3
0
1
0
1
0
1
0
3
234
1
0.0
0
3
0
3
0
1
0
3
0
1
0
3
235
2
0.0
0
2
0
3
0
2
0
2
0
2
0
3
236
1
0.0
0
2
0
3
0
2
0
2
0
2
0
3
237
1
0.0
0
2
0
3
0
1
0
3
0
2
0
3
238
2
0.0
0
3
0
3
0
1
0
3
0
1
0
3
239
2
0.0
0
4
0
3
0
1
0
2
0
2
0
3
0.0
0.45
0.0
0.0
0.0
0.0
0.0
0.0
0.0
0.0
0.0
0.0
0.0
0.0
0.0
0.0
0.0
0.0
0.0
0.0
